<<<<<<< HEAD
::1 - - [06/Mar/2022:16:00:04 +0000] "GET /api/v1/news HTTP/1.1" 304 - "http://localhost:3000/" "Mozilla/5.0 (iPhone; CPU iPhone OS 10_3_1 like Mac OS X) AppleWebKit/603.1.30 (KHTML, like Gecko) Version/10.0 Mobile/14E304 Safari/602.1"
::1 - - [06/Mar/2022:16:00:07 +0000] "GET /api/v1/news HTTP/1.1" 304 - "http://localhost:3000/" "Mozilla/5.0 (Windows NT 10.0; Win64; x64) AppleWebKit/537.36 (KHTML, like Gecko) Chrome/99.0.4844.51 Safari/537.36"
::1 - - [06/Mar/2022:16:04:00 +0000] "GET /api/v1/news HTTP/1.1" 304 - "http://localhost:3000/" "Mozilla/5.0 (Windows NT 10.0; Win64; x64) AppleWebKit/537.36 (KHTML, like Gecko) Chrome/99.0.4844.51 Safari/537.36"
::1 - - [06/Mar/2022:16:04:53 +0000] "GET /api/v1/news HTTP/1.1" 304 - "http://localhost:3000/" "Mozilla/5.0 (Windows NT 10.0; Win64; x64) AppleWebKit/537.36 (KHTML, like Gecko) Chrome/99.0.4844.51 Safari/537.36"
::1 - - [06/Mar/2022:16:04:55 +0000] "GET /api/v1/news HTTP/1.1" 304 - "http://localhost:3000/" "Mozilla/5.0 (Windows NT 10.0; Win64; x64) AppleWebKit/537.36 (KHTML, like Gecko) Chrome/99.0.4844.51 Safari/537.36"
::1 - - [06/Mar/2022:16:06:00 +0000] "GET /api/v1/news HTTP/1.1" 304 - "http://localhost:3000/" "Mozilla/5.0 (Windows NT 10.0; Win64; x64) AppleWebKit/537.36 (KHTML, like Gecko) Chrome/99.0.4844.51 Safari/537.36"
::1 - - [06/Mar/2022:16:06:14 +0000] "GET /api/v1/commercials HTTP/1.1" 304 - "http://localhost:3000/" "Mozilla/5.0 (Windows NT 10.0; Win64; x64) AppleWebKit/537.36 (KHTML, like Gecko) Chrome/99.0.4844.51 Safari/537.36"
::1 - - [06/Mar/2022:16:07:04 +0000] "GET /api/v1/news HTTP/1.1" 304 - "http://localhost:3000/" "Mozilla/5.0 (Windows NT 10.0; Win64; x64) AppleWebKit/537.36 (KHTML, like Gecko) Chrome/99.0.4844.51 Safari/537.36"
::1 - - [06/Mar/2022:16:07:23 +0000] "GET /api/v1/news HTTP/1.1" 304 - "http://localhost:3000/" "Mozilla/5.0 (Windows NT 10.0; Win64; x64) AppleWebKit/537.36 (KHTML, like Gecko) Chrome/99.0.4844.51 Safari/537.36"
::1 - - [06/Mar/2022:16:10:02 +0000] "GET /api/v1/news HTTP/1.1" 304 - "http://localhost:3000/" "Mozilla/5.0 (Windows NT 10.0; Win64; x64) AppleWebKit/537.36 (KHTML, like Gecko) Chrome/99.0.4844.51 Safari/537.36"
::1 - - [06/Mar/2022:16:10:04 +0000] "GET /api/v1/news HTTP/1.1" 304 - "http://localhost:3000/" "Mozilla/5.0 (Windows NT 10.0; Win64; x64) AppleWebKit/537.36 (KHTML, like Gecko) Chrome/99.0.4844.51 Safari/537.36"
::1 - - [06/Mar/2022:16:19:26 +0000] "GET /api/v1/commercials HTTP/1.1" 304 - "http://localhost:3000/" "Mozilla/5.0 (Windows NT 10.0; Win64; x64) AppleWebKit/537.36 (KHTML, like Gecko) Chrome/99.0.4844.51 Safari/537.36"
::1 - - [06/Mar/2022:16:19:29 +0000] "GET /api/v1/commercials HTTP/1.1" 304 - "http://localhost:3000/" "Mozilla/5.0 (Windows NT 10.0; Win64; x64) AppleWebKit/537.36 (KHTML, like Gecko) Chrome/99.0.4844.51 Safari/537.36"
::1 - - [06/Mar/2022:16:19:36 +0000] "GET /api/v1/news HTTP/1.1" 304 - "http://localhost:3000/" "Mozilla/5.0 (Windows NT 10.0; Win64; x64) AppleWebKit/537.36 (KHTML, like Gecko) Chrome/99.0.4844.51 Safari/537.36"
::1 - - [06/Mar/2022:16:19:46 +0000] "GET /api/v1/commercials HTTP/1.1" 304 - "http://localhost:3000/" "Mozilla/5.0 (Windows NT 10.0; Win64; x64) AppleWebKit/537.36 (KHTML, like Gecko) Chrome/99.0.4844.51 Safari/537.36"
::1 - - [06/Mar/2022:16:19:50 +0000] "GET /api/v1/news HTTP/1.1" 304 - "http://localhost:3000/" "Mozilla/5.0 (Windows NT 10.0; Win64; x64) AppleWebKit/537.36 (KHTML, like Gecko) Chrome/99.0.4844.51 Safari/537.36"
::1 - - [06/Mar/2022:16:20:01 +0000] "GET /api/v1/commercials HTTP/1.1" 304 - "http://localhost:3000/" "Mozilla/5.0 (Windows NT 10.0; Win64; x64) AppleWebKit/537.36 (KHTML, like Gecko) Chrome/99.0.4844.51 Safari/537.36"
::1 - - [06/Mar/2022:16:20:09 +0000] "GET /api/v1/news HTTP/1.1" 304 - "http://localhost:3000/" "Mozilla/5.0 (Windows NT 10.0; Win64; x64) AppleWebKit/537.36 (KHTML, like Gecko) Chrome/99.0.4844.51 Safari/537.36"
::1 - - [06/Mar/2022:16:20:16 +0000] "GET /api/v1/commercials HTTP/1.1" 304 - "http://localhost:3000/" "Mozilla/5.0 (Windows NT 10.0; Win64; x64) AppleWebKit/537.36 (KHTML, like Gecko) Chrome/99.0.4844.51 Safari/537.36"
::1 - - [06/Mar/2022:16:20:22 +0000] "GET /api/v1/news HTTP/1.1" 304 - "http://localhost:3000/" "Mozilla/5.0 (Windows NT 10.0; Win64; x64) AppleWebKit/537.36 (KHTML, like Gecko) Chrome/99.0.4844.51 Safari/537.36"
::1 - - [06/Mar/2022:16:21:02 +0000] "GET /api/v1/commercials HTTP/1.1" 304 - "http://localhost:3000/" "Mozilla/5.0 (Windows NT 10.0; Win64; x64) AppleWebKit/537.36 (KHTML, like Gecko) Chrome/99.0.4844.51 Safari/537.36"
::1 - - [06/Mar/2022:16:21:06 +0000] "GET /api/v1/news HTTP/1.1" 304 - "http://localhost:3000/" "Mozilla/5.0 (Windows NT 10.0; Win64; x64) AppleWebKit/537.36 (KHTML, like Gecko) Chrome/99.0.4844.51 Safari/537.36"
::1 - - [06/Mar/2022:16:21:17 +0000] "GET /api/v1/news HTTP/1.1" 304 - "http://localhost:3000/" "Mozilla/5.0 (Windows NT 10.0; Win64; x64) AppleWebKit/537.36 (KHTML, like Gecko) Chrome/99.0.4844.51 Safari/537.36"
::1 - - [06/Mar/2022:16:23:31 +0000] "GET /api/v1/news HTTP/1.1" 304 - "http://localhost:3000/" "Mozilla/5.0 (Windows NT 10.0; Win64; x64) AppleWebKit/537.36 (KHTML, like Gecko) Chrome/99.0.4844.51 Safari/537.36"
::1 - - [06/Mar/2022:16:24:03 +0000] "GET /api/v1/commercials HTTP/1.1" 304 - "http://localhost:3000/" "Mozilla/5.0 (Windows NT 10.0; Win64; x64) AppleWebKit/537.36 (KHTML, like Gecko) Chrome/99.0.4844.51 Safari/537.36"
::1 - - [06/Mar/2022:16:27:36 +0000] "GET /api/v1/commercials HTTP/1.1" 304 - "http://localhost:3000/" "Mozilla/5.0 (Windows NT 10.0; Win64; x64) AppleWebKit/537.36 (KHTML, like Gecko) Chrome/99.0.4844.51 Safari/537.36"
::1 - - [06/Mar/2022:16:27:41 +0000] "GET /api/v1/news HTTP/1.1" 304 - "http://localhost:3000/" "Mozilla/5.0 (Windows NT 10.0; Win64; x64) AppleWebKit/537.36 (KHTML, like Gecko) Chrome/99.0.4844.51 Safari/537.36"
::1 - - [06/Mar/2022:16:27:43 +0000] "GET /api/v1/commercials HTTP/1.1" 304 - "http://localhost:3000/" "Mozilla/5.0 (Windows NT 10.0; Win64; x64) AppleWebKit/537.36 (KHTML, like Gecko) Chrome/99.0.4844.51 Safari/537.36"
::1 - - [06/Mar/2022:16:28:15 +0000] "GET /api/v1/news HTTP/1.1" 304 - "http://localhost:3000/" "Mozilla/5.0 (Windows NT 10.0; Win64; x64) AppleWebKit/537.36 (KHTML, like Gecko) Chrome/99.0.4844.51 Safari/537.36"
::1 - - [06/Mar/2022:16:28:17 +0000] "GET /api/v1/news HTTP/1.1" 304 - "http://localhost:3000/" "Mozilla/5.0 (Windows NT 10.0; Win64; x64) AppleWebKit/537.36 (KHTML, like Gecko) Chrome/99.0.4844.51 Safari/537.36"
::1 - - [06/Mar/2022:16:28:34 +0000] "GET /api/v1/news HTTP/1.1" 304 - "http://localhost:3000/" "Mozilla/5.0 (Windows NT 10.0; Win64; x64) AppleWebKit/537.36 (KHTML, like Gecko) Chrome/99.0.4844.51 Safari/537.36"
::1 - - [06/Mar/2022:16:28:43 +0000] "GET /api/v1/news HTTP/1.1" 304 - "http://localhost:3000/" "Mozilla/5.0 (Windows NT 10.0; Win64; x64) AppleWebKit/537.36 (KHTML, like Gecko) Chrome/99.0.4844.51 Safari/537.36"
::1 - - [06/Mar/2022:16:31:36 +0000] "GET /api/v1/news HTTP/1.1" 304 - "http://localhost:3000/" "Mozilla/5.0 (iPhone; CPU iPhone OS 10_3_1 like Mac OS X) AppleWebKit/603.1.30 (KHTML, like Gecko) Version/10.0 Mobile/14E304 Safari/602.1"
::1 - - [06/Mar/2022:16:31:39 +0000] "GET /api/v1/news HTTP/1.1" 304 - "http://localhost:3000/" "Mozilla/5.0 (iPhone; CPU iPhone OS 10_3_1 like Mac OS X) AppleWebKit/603.1.30 (KHTML, like Gecko) Version/10.0 Mobile/14E304 Safari/602.1"
::1 - - [06/Mar/2022:16:35:06 +0000] "GET /api/v1/news HTTP/1.1" 304 - "http://localhost:3000/" "Mozilla/5.0 (Windows NT 10.0; Win64; x64) AppleWebKit/537.36 (KHTML, like Gecko) Chrome/99.0.4844.51 Safari/537.36"
::1 - - [06/Mar/2022:16:54:18 +0000] "GET /api/v1/news HTTP/1.1" 304 - "http://localhost:3000/" "Mozilla/5.0 (Windows NT 10.0; Win64; x64) AppleWebKit/537.36 (KHTML, like Gecko) Chrome/99.0.4844.51 Safari/537.36"
::1 - - [06/Mar/2022:16:54:36 +0000] "GET /api/v1/news HTTP/1.1" 304 - "http://localhost:3000/" "Mozilla/5.0 (Windows NT 10.0; Win64; x64) AppleWebKit/537.36 (KHTML, like Gecko) Chrome/99.0.4844.51 Safari/537.36"
::1 - - [06/Mar/2022:16:54:47 +0000] "GET /api/v1/news HTTP/1.1" 304 - "http://localhost:3000/" "Mozilla/5.0 (Windows NT 10.0; Win64; x64) AppleWebKit/537.36 (KHTML, like Gecko) Chrome/99.0.4844.51 Safari/537.36"
::1 - - [06/Mar/2022:16:54:54 +0000] "GET /api/v1/news HTTP/1.1" 304 - "http://localhost:3000/" "Mozilla/5.0 (Windows NT 10.0; Win64; x64) AppleWebKit/537.36 (KHTML, like Gecko) Chrome/99.0.4844.51 Safari/537.36"
::1 - - [06/Mar/2022:16:55:01 +0000] "GET /api/v1/news HTTP/1.1" 304 - "http://localhost:3000/" "Mozilla/5.0 (Windows NT 10.0; Win64; x64) AppleWebKit/537.36 (KHTML, like Gecko) Chrome/99.0.4844.51 Safari/537.36"
::1 - - [06/Mar/2022:16:55:04 +0000] "GET /api/v1/news HTTP/1.1" 304 - "http://localhost:3000/" "Mozilla/5.0 (Windows NT 10.0; Win64; x64) AppleWebKit/537.36 (KHTML, like Gecko) Chrome/99.0.4844.51 Safari/537.36"
::1 - - [06/Mar/2022:16:55:07 +0000] "GET /api/v1/news HTTP/1.1" 304 - "http://localhost:3000/" "Mozilla/5.0 (Windows NT 10.0; Win64; x64) AppleWebKit/537.36 (KHTML, like Gecko) Chrome/99.0.4844.51 Safari/537.36"
::1 - - [06/Mar/2022:16:55:13 +0000] "GET /api/v1/news HTTP/1.1" 304 - "http://localhost:3000/" "Mozilla/5.0 (Windows NT 10.0; Win64; x64) AppleWebKit/537.36 (KHTML, like Gecko) Chrome/99.0.4844.51 Safari/537.36"
::1 - - [06/Mar/2022:16:55:17 +0000] "GET /api/v1/news HTTP/1.1" 304 - "http://localhost:3000/" "Mozilla/5.0 (Windows NT 10.0; Win64; x64) AppleWebKit/537.36 (KHTML, like Gecko) Chrome/99.0.4844.51 Safari/537.36"
::1 - - [06/Mar/2022:16:55:50 +0000] "GET /api/v1/news HTTP/1.1" 304 - "http://localhost:3000/" "Mozilla/5.0 (Windows NT 10.0; Win64; x64) AppleWebKit/537.36 (KHTML, like Gecko) Chrome/99.0.4844.51 Safari/537.36"
::1 - - [06/Mar/2022:16:55:56 +0000] "GET /api/v1/news HTTP/1.1" 304 - "http://localhost:3000/" "Mozilla/5.0 (Windows NT 10.0; Win64; x64) AppleWebKit/537.36 (KHTML, like Gecko) Chrome/99.0.4844.51 Safari/537.36"
::1 - - [06/Mar/2022:16:55:57 +0000] "GET /api/v1/news HTTP/1.1" 304 - "http://localhost:3000/" "Mozilla/5.0 (Windows NT 10.0; Win64; x64) AppleWebKit/537.36 (KHTML, like Gecko) Chrome/99.0.4844.51 Safari/537.36"
::1 - - [06/Mar/2022:16:56:03 +0000] "GET /api/v1/news HTTP/1.1" 304 - "http://localhost:3000/" "Mozilla/5.0 (Windows NT 10.0; Win64; x64) AppleWebKit/537.36 (KHTML, like Gecko) Chrome/99.0.4844.51 Safari/537.36"
::1 - - [06/Mar/2022:16:56:18 +0000] "GET /api/v1/news HTTP/1.1" 304 - "http://localhost:3000/" "Mozilla/5.0 (Windows NT 10.0; Win64; x64) AppleWebKit/537.36 (KHTML, like Gecko) Chrome/99.0.4844.51 Safari/537.36"
::1 - - [06/Mar/2022:16:56:33 +0000] "GET /api/v1/news HTTP/1.1" 304 - "http://localhost:3000/" "Mozilla/5.0 (Windows NT 10.0; Win64; x64) AppleWebKit/537.36 (KHTML, like Gecko) Chrome/99.0.4844.51 Safari/537.36"
::1 - - [06/Mar/2022:16:57:32 +0000] "GET /api/v1/news HTTP/1.1" 304 - "http://localhost:3000/" "Mozilla/5.0 (Linux; Android 8.0.0; SM-G965U Build/R16NW) AppleWebKit/537.36 (KHTML, like Gecko) Chrome/63.0.3239.111 Mobile Safari/537.36"
::1 - - [06/Mar/2022:16:58:49 +0000] "GET /api/v1/news HTTP/1.1" 304 - "http://localhost:3000/" "Mozilla/5.0 (Linux; Android 8.0.0; SM-G965U Build/R16NW) AppleWebKit/537.36 (KHTML, like Gecko) Chrome/63.0.3239.111 Mobile Safari/537.36"
::1 - - [06/Mar/2022:16:59:06 +0000] "GET /api/v1/news HTTP/1.1" 304 - "http://localhost:3000/" "Mozilla/5.0 (Linux; Android 8.0.0; SM-G965U Build/R16NW) AppleWebKit/537.36 (KHTML, like Gecko) Chrome/63.0.3239.111 Mobile Safari/537.36"
::1 - - [06/Mar/2022:16:59:45 +0000] "GET /api/v1/news HTTP/1.1" 304 - "http://localhost:3000/" "Mozilla/5.0 (Linux; Android 8.0.0; SM-G965U Build/R16NW) AppleWebKit/537.36 (KHTML, like Gecko) Chrome/63.0.3239.111 Mobile Safari/537.36"
::1 - - [06/Mar/2022:17:09:45 +0000] "GET /api/v1/news HTTP/1.1" 304 - "http://localhost:3000/" "Mozilla/5.0 (Windows NT 10.0; Win64; x64) AppleWebKit/537.36 (KHTML, like Gecko) Chrome/99.0.4844.51 Safari/537.36"
::1 - - [06/Mar/2022:17:09:49 +0000] "GET /api/v1/news HTTP/1.1" 304 - "http://localhost:3000/" "Mozilla/5.0 (Windows NT 10.0; Win64; x64) AppleWebKit/537.36 (KHTML, like Gecko) Chrome/99.0.4844.51 Safari/537.36"
::1 - - [06/Mar/2022:17:11:36 +0000] "GET /api/v1/news HTTP/1.1" 304 - "http://localhost:3000/" "Mozilla/5.0 (iPhone; CPU iPhone OS 10_3_1 like Mac OS X) AppleWebKit/603.1.30 (KHTML, like Gecko) Version/10.0 Mobile/14E304 Safari/602.1"
::1 - - [06/Mar/2022:17:12:32 +0000] "GET /api/v1/news HTTP/1.1" 304 - "http://localhost:3000/" "Mozilla/5.0 (Windows NT 10.0; Win64; x64) AppleWebKit/537.36 (KHTML, like Gecko) Chrome/99.0.4844.51 Safari/537.36"
::1 - - [06/Mar/2022:17:12:51 +0000] "GET /api/v1/news HTTP/1.1" 304 - "http://localhost:3000/" "Mozilla/5.0 (Windows NT 10.0; Win64; x64) AppleWebKit/537.36 (KHTML, like Gecko) Chrome/99.0.4844.51 Safari/537.36"
::1 - - [06/Mar/2022:17:13:13 +0000] "GET /api/v1/news HTTP/1.1" 304 - "http://localhost:3000/" "Mozilla/5.0 (Windows NT 10.0; Win64; x64) AppleWebKit/537.36 (KHTML, like Gecko) Chrome/99.0.4844.51 Safari/537.36"
::1 - - [06/Mar/2022:17:13:41 +0000] "GET /api/v1/news HTTP/1.1" 304 - "http://localhost:3000/" "Mozilla/5.0 (Windows NT 10.0; Win64; x64) AppleWebKit/537.36 (KHTML, like Gecko) Chrome/99.0.4844.51 Safari/537.36"
::1 - - [06/Mar/2022:17:14:38 +0000] "GET /api/v1/news HTTP/1.1" 304 - "http://localhost:3000/" "Mozilla/5.0 (iPhone; CPU iPhone OS 10_3_1 like Mac OS X) AppleWebKit/603.1.30 (KHTML, like Gecko) Version/10.0 Mobile/14E304 Safari/602.1"
::1 - - [06/Mar/2022:17:16:48 +0000] "GET /api/v1/news HTTP/1.1" 304 - "http://localhost:3000/" "Mozilla/5.0 (iPhone; CPU iPhone OS 10_3_1 like Mac OS X) AppleWebKit/603.1.30 (KHTML, like Gecko) Version/10.0 Mobile/14E304 Safari/602.1"
::1 - - [06/Mar/2022:17:17:27 +0000] "GET /api/v1/news HTTP/1.1" 304 - "http://localhost:3000/" "Mozilla/5.0 (iPhone; CPU iPhone OS 10_3_1 like Mac OS X) AppleWebKit/603.1.30 (KHTML, like Gecko) Version/10.0 Mobile/14E304 Safari/602.1"
::1 - - [06/Mar/2022:17:17:37 +0000] "GET /api/v1/news HTTP/1.1" 304 - "http://localhost:3000/" "Mozilla/5.0 (iPhone; CPU iPhone OS 10_3_1 like Mac OS X) AppleWebKit/603.1.30 (KHTML, like Gecko) Version/10.0 Mobile/14E304 Safari/602.1"
::1 - - [06/Mar/2022:17:20:28 +0000] "GET /api/v1/news HTTP/1.1" 304 - "http://localhost:3000/" "Mozilla/5.0 (Windows NT 10.0; Win64; x64) AppleWebKit/537.36 (KHTML, like Gecko) Chrome/99.0.4844.51 Safari/537.36"
::1 - - [06/Mar/2022:17:20:49 +0000] "GET /api/v1/news HTTP/1.1" 304 - "http://localhost:3000/" "Mozilla/5.0 (iPhone; CPU iPhone OS 10_3_1 like Mac OS X) AppleWebKit/603.1.30 (KHTML, like Gecko) Version/10.0 Mobile/14E304 Safari/602.1"
::1 - - [06/Mar/2022:17:21:57 +0000] "GET /api/v1/news HTTP/1.1" 304 - "http://localhost:3000/" "Mozilla/5.0 (Windows NT 10.0; Win64; x64) AppleWebKit/537.36 (KHTML, like Gecko) Chrome/99.0.4844.51 Safari/537.36"
::1 - - [06/Mar/2022:17:22:25 +0000] "GET /api/v1/news HTTP/1.1" 304 - "http://localhost:3000/" "Mozilla/5.0 (Windows NT 10.0; Win64; x64) AppleWebKit/537.36 (KHTML, like Gecko) Chrome/99.0.4844.51 Safari/537.36"
::1 - - [06/Mar/2022:17:29:50 +0000] "GET /api/v1/news HTTP/1.1" 304 - "http://localhost:3000/" "Mozilla/5.0 (iPhone; CPU iPhone OS 10_3_1 like Mac OS X) AppleWebKit/603.1.30 (KHTML, like Gecko) Version/10.0 Mobile/14E304 Safari/602.1"
::1 - - [06/Mar/2022:17:32:03 +0000] "GET /api/v1/news HTTP/1.1" 304 - "http://localhost:3000/" "Mozilla/5.0 (Windows NT 10.0; Win64; x64) AppleWebKit/537.36 (KHTML, like Gecko) Chrome/99.0.4844.51 Safari/537.36"
::1 - - [06/Mar/2022:17:32:44 +0000] "GET /api/v1/news HTTP/1.1" 304 - "http://localhost:3000/" "Mozilla/5.0 (Windows NT 10.0; Win64; x64) AppleWebKit/537.36 (KHTML, like Gecko) Chrome/99.0.4844.51 Safari/537.36"
::1 - - [16/Mar/2022:04:40:07 +0000] "GET /api/v1/news HTTP/1.1" 200 94832 "http://localhost:3000/" "Mozilla/5.0 (Windows NT 10.0; Win64; x64) AppleWebKit/537.36 (KHTML, like Gecko) Chrome/99.0.4844.51 Safari/537.36"
::1 - - [16/Mar/2022:04:40:24 +0000] "GET /api/v1/news HTTP/1.1" 304 - "http://localhost:3000/" "Mozilla/5.0 (Windows NT 10.0; Win64; x64) AppleWebKit/537.36 (KHTML, like Gecko) Chrome/99.0.4844.51 Safari/537.36"
::1 - - [16/Mar/2022:04:40:43 +0000] "GET /api/v1/news HTTP/1.1" 304 - "http://localhost:3000/" "Mozilla/5.0 (Windows NT 10.0; Win64; x64) AppleWebKit/537.36 (KHTML, like Gecko) Chrome/99.0.4844.51 Safari/537.36"
::1 - - [16/Mar/2022:04:41:37 +0000] "GET /api/v1/news HTTP/1.1" 304 - "http://localhost:3000/" "Mozilla/5.0 (Windows NT 10.0; Win64; x64) AppleWebKit/537.36 (KHTML, like Gecko) Chrome/99.0.4844.51 Safari/537.36"
::1 - - [16/Mar/2022:04:41:46 +0000] "GET /api/v1/news HTTP/1.1" 304 - "http://localhost:3000/" "Mozilla/5.0 (Windows NT 10.0; Win64; x64) AppleWebKit/537.36 (KHTML, like Gecko) Chrome/99.0.4844.51 Safari/537.36"
::1 - - [16/Mar/2022:04:42:05 +0000] "GET /api/v1/news HTTP/1.1" 304 - "http://localhost:3000/" "Mozilla/5.0 (Windows NT 10.0; Win64; x64) AppleWebKit/537.36 (KHTML, like Gecko) Chrome/99.0.4844.51 Safari/537.36"
::1 - - [16/Mar/2022:04:42:07 +0000] "GET /api/v1/news HTTP/1.1" 304 - "http://localhost:3000/" "Mozilla/5.0 (Windows NT 10.0; Win64; x64) AppleWebKit/537.36 (KHTML, like Gecko) Chrome/99.0.4844.51 Safari/537.36"
::1 - - [16/Mar/2022:04:42:10 +0000] "GET /api/v1/commercials HTTP/1.1" 200 577 "http://localhost:3000/" "Mozilla/5.0 (Windows NT 10.0; Win64; x64) AppleWebKit/537.36 (KHTML, like Gecko) Chrome/99.0.4844.51 Safari/537.36"
::1 - - [16/Mar/2022:04:42:15 +0000] "GET /api/v1/news HTTP/1.1" 304 - "http://localhost:3000/" "Mozilla/5.0 (Windows NT 10.0; Win64; x64) AppleWebKit/537.36 (KHTML, like Gecko) Chrome/99.0.4844.51 Safari/537.36"
=======
::1 - - [14/Mar/2022:16:12:15 +0000] "GET /api/v1/commercials HTTP/1.1" 304 - "http://localhost:3000/" "Mozilla/5.0 (Linux; Android 6.0; Nexus 5 Build/MRA58N) AppleWebKit/537.36 (KHTML, like Gecko) Chrome/99.0.4844.51 Mobile Safari/537.36"
::1 - - [14/Mar/2022:16:13:58 +0000] "GET /api/v1/commercials HTTP/1.1" 304 - "http://localhost:3000/" "Mozilla/5.0 (Linux; Android 6.0; Nexus 5 Build/MRA58N) AppleWebKit/537.36 (KHTML, like Gecko) Chrome/99.0.4844.51 Mobile Safari/537.36"
::1 - - [14/Mar/2022:16:14:21 +0000] "GET /api/v1/commercials HTTP/1.1" 304 - "http://localhost:3000/" "Mozilla/5.0 (Linux; Android 6.0; Nexus 5 Build/MRA58N) AppleWebKit/537.36 (KHTML, like Gecko) Chrome/99.0.4844.51 Mobile Safari/537.36"
::1 - - [14/Mar/2022:16:15:02 +0000] "GET /api/v1/commercials HTTP/1.1" 304 - "http://localhost:3000/" "Mozilla/5.0 (Linux; Android 6.0; Nexus 5 Build/MRA58N) AppleWebKit/537.36 (KHTML, like Gecko) Chrome/99.0.4844.51 Mobile Safari/537.36"
::1 - - [14/Mar/2022:16:16:22 +0000] "GET /api/v1/commercials HTTP/1.1" 304 - "http://localhost:3000/" "Mozilla/5.0 (Linux; Android 6.0; Nexus 5 Build/MRA58N) AppleWebKit/537.36 (KHTML, like Gecko) Chrome/99.0.4844.51 Mobile Safari/537.36"
::1 - - [14/Mar/2022:16:16:27 +0000] "GET /api/v1/commercials HTTP/1.1" 304 - "http://localhost:3000/" "Mozilla/5.0 (Linux; Android 6.0; Nexus 5 Build/MRA58N) AppleWebKit/537.36 (KHTML, like Gecko) Chrome/99.0.4844.51 Mobile Safari/537.36"
::1 - - [14/Mar/2022:16:16:28 +0000] "GET /api/v1/news HTTP/1.1" 304 - "http://localhost:3000/" "Mozilla/5.0 (Linux; Android 6.0; Nexus 5 Build/MRA58N) AppleWebKit/537.36 (KHTML, like Gecko) Chrome/99.0.4844.51 Mobile Safari/537.36"
::1 - - [14/Mar/2022:16:18:43 +0000] "GET /api/v1/commercials HTTP/1.1" 304 - "http://localhost:3000/" "Mozilla/5.0 (Linux; Android 6.0; Nexus 5 Build/MRA58N) AppleWebKit/537.36 (KHTML, like Gecko) Chrome/99.0.4844.51 Mobile Safari/537.36"
::1 - - [14/Mar/2022:16:18:43 +0000] "GET /api/v1/news HTTP/1.1" 304 - "http://localhost:3000/" "Mozilla/5.0 (Linux; Android 6.0; Nexus 5 Build/MRA58N) AppleWebKit/537.36 (KHTML, like Gecko) Chrome/99.0.4844.51 Mobile Safari/537.36"
::1 - - [14/Mar/2022:16:30:58 +0000] "GET /api/v1/commercials HTTP/1.1" 304 - "http://localhost:3000/" "Mozilla/5.0 (Linux; Android 6.0; Nexus 5 Build/MRA58N) AppleWebKit/537.36 (KHTML, like Gecko) Chrome/99.0.4844.51 Mobile Safari/537.36"
::1 - - [14/Mar/2022:16:30:58 +0000] "GET /api/v1/news HTTP/1.1" 304 - "http://localhost:3000/" "Mozilla/5.0 (Linux; Android 6.0; Nexus 5 Build/MRA58N) AppleWebKit/537.36 (KHTML, like Gecko) Chrome/99.0.4844.51 Mobile Safari/537.36"
::1 - - [14/Mar/2022:16:31:01 +0000] "GET /api/v1/commercials HTTP/1.1" 304 - "http://localhost:3000/" "Mozilla/5.0 (Linux; Android 6.0; Nexus 5 Build/MRA58N) AppleWebKit/537.36 (KHTML, like Gecko) Chrome/99.0.4844.51 Mobile Safari/537.36"
::1 - - [14/Mar/2022:16:31:01 +0000] "GET /api/v1/news HTTP/1.1" 304 - "http://localhost:3000/" "Mozilla/5.0 (Linux; Android 6.0; Nexus 5 Build/MRA58N) AppleWebKit/537.36 (KHTML, like Gecko) Chrome/99.0.4844.51 Mobile Safari/537.36"
::1 - - [14/Mar/2022:16:34:06 +0000] "GET /api/v1/commercials HTTP/1.1" 304 - "http://localhost:3000/" "Mozilla/5.0 (Windows NT 10.0; Win64; x64) AppleWebKit/537.36 (KHTML, like Gecko) Chrome/99.0.4844.51 Safari/537.36"
::1 - - [14/Mar/2022:16:35:10 +0000] "GET /api/v1/commercials HTTP/1.1" 304 - "http://localhost:3000/" "Mozilla/5.0 (Windows NT 10.0; Win64; x64) AppleWebKit/537.36 (KHTML, like Gecko) Chrome/99.0.4844.51 Safari/537.36"
::1 - - [14/Mar/2022:16:35:10 +0000] "GET /api/v1/news HTTP/1.1" 304 - "http://localhost:3000/" "Mozilla/5.0 (Windows NT 10.0; Win64; x64) AppleWebKit/537.36 (KHTML, like Gecko) Chrome/99.0.4844.51 Safari/537.36"
::1 - - [14/Mar/2022:16:37:24 +0000] "GET /api/v1/commercials HTTP/1.1" 304 - "http://localhost:3000/" "Mozilla/5.0 (Linux; Android 6.0; Nexus 5 Build/MRA58N) AppleWebKit/537.36 (KHTML, like Gecko) Chrome/99.0.4844.51 Mobile Safari/537.36"
::1 - - [14/Mar/2022:16:38:41 +0000] "GET /api/v1/commercials HTTP/1.1" 304 - "http://localhost:3000/" "Mozilla/5.0 (Linux; Android 6.0; Nexus 5 Build/MRA58N) AppleWebKit/537.36 (KHTML, like Gecko) Chrome/99.0.4844.51 Mobile Safari/537.36"
::1 - - [14/Mar/2022:16:38:46 +0000] "GET /api/v1/commercials HTTP/1.1" 304 - "http://localhost:3000/" "Mozilla/5.0 (Linux; Android 6.0; Nexus 5 Build/MRA58N) AppleWebKit/537.36 (KHTML, like Gecko) Chrome/99.0.4844.51 Mobile Safari/537.36"
::1 - - [14/Mar/2022:16:39:27 +0000] "GET /api/v1/commercials HTTP/1.1" 304 - "http://localhost:3000/" "Mozilla/5.0 (Linux; Android 6.0; Nexus 5 Build/MRA58N) AppleWebKit/537.36 (KHTML, like Gecko) Chrome/99.0.4844.51 Mobile Safari/537.36"
::1 - - [14/Mar/2022:16:40:00 +0000] "GET /api/v1/commercials HTTP/1.1" 304 - "http://localhost:3000/" "Mozilla/5.0 (Linux; Android 6.0; Nexus 5 Build/MRA58N) AppleWebKit/537.36 (KHTML, like Gecko) Chrome/99.0.4844.51 Mobile Safari/537.36"
::1 - - [14/Mar/2022:16:41:22 +0000] "GET /api/v1/commercials HTTP/1.1" 304 - "http://localhost:3000/" "Mozilla/5.0 (Linux; Android 6.0; Nexus 5 Build/MRA58N) AppleWebKit/537.36 (KHTML, like Gecko) Chrome/99.0.4844.51 Mobile Safari/537.36"
::1 - - [14/Mar/2022:16:42:02 +0000] "GET /api/v1/commercials HTTP/1.1" 304 - "http://localhost:3000/" "Mozilla/5.0 (Linux; Android 6.0; Nexus 5 Build/MRA58N) AppleWebKit/537.36 (KHTML, like Gecko) Chrome/99.0.4844.51 Mobile Safari/537.36"
::1 - - [14/Mar/2022:16:42:16 +0000] "GET /api/v1/commercials HTTP/1.1" 304 - "http://localhost:3000/" "Mozilla/5.0 (Linux; Android 6.0; Nexus 5 Build/MRA58N) AppleWebKit/537.36 (KHTML, like Gecko) Chrome/99.0.4844.51 Mobile Safari/537.36"
::1 - - [14/Mar/2022:16:42:16 +0000] "GET /api/v1/news HTTP/1.1" 304 - "http://localhost:3000/" "Mozilla/5.0 (Linux; Android 6.0; Nexus 5 Build/MRA58N) AppleWebKit/537.36 (KHTML, like Gecko) Chrome/99.0.4844.51 Mobile Safari/537.36"
::1 - - [14/Mar/2022:16:42:29 +0000] "GET /api/v1/commercials HTTP/1.1" 304 - "http://localhost:3000/" "Mozilla/5.0 (Linux; Android 6.0; Nexus 5 Build/MRA58N) AppleWebKit/537.36 (KHTML, like Gecko) Chrome/99.0.4844.51 Mobile Safari/537.36"
::1 - - [14/Mar/2022:16:42:44 +0000] "GET /api/v1/commercials HTTP/1.1" 304 - "http://localhost:3000/" "Mozilla/5.0 (Linux; Android 6.0; Nexus 5 Build/MRA58N) AppleWebKit/537.36 (KHTML, like Gecko) Chrome/99.0.4844.51 Mobile Safari/537.36"
::1 - - [14/Mar/2022:16:43:54 +0000] "GET /api/v1/commercials HTTP/1.1" 304 - "http://localhost:3000/" "Mozilla/5.0 (Linux; Android 6.0; Nexus 5 Build/MRA58N) AppleWebKit/537.36 (KHTML, like Gecko) Chrome/99.0.4844.51 Mobile Safari/537.36"
::1 - - [14/Mar/2022:16:44:40 +0000] "GET /api/v1/commercials HTTP/1.1" 304 - "http://localhost:3000/" "Mozilla/5.0 (Linux; Android 6.0; Nexus 5 Build/MRA58N) AppleWebKit/537.36 (KHTML, like Gecko) Chrome/99.0.4844.51 Mobile Safari/537.36"
::1 - - [14/Mar/2022:16:46:13 +0000] "GET /api/v1/commercials HTTP/1.1" 304 - "http://localhost:3000/" "Mozilla/5.0 (Linux; Android 6.0; Nexus 5 Build/MRA58N) AppleWebKit/537.36 (KHTML, like Gecko) Chrome/99.0.4844.51 Mobile Safari/537.36"
::1 - - [14/Mar/2022:16:47:23 +0000] "GET /api/v1/commercials HTTP/1.1" 304 - "http://localhost:3000/" "Mozilla/5.0 (Linux; Android 6.0; Nexus 5 Build/MRA58N) AppleWebKit/537.36 (KHTML, like Gecko) Chrome/99.0.4844.51 Mobile Safari/537.36"
::1 - - [14/Mar/2022:16:47:37 +0000] "GET /api/v1/commercials HTTP/1.1" 304 - "http://localhost:3000/" "Mozilla/5.0 (Linux; Android 6.0; Nexus 5 Build/MRA58N) AppleWebKit/537.36 (KHTML, like Gecko) Chrome/99.0.4844.51 Mobile Safari/537.36"
::1 - - [14/Mar/2022:16:48:13 +0000] "GET /api/v1/commercials HTTP/1.1" 304 - "http://localhost:3000/" "Mozilla/5.0 (Linux; Android 6.0; Nexus 5 Build/MRA58N) AppleWebKit/537.36 (KHTML, like Gecko) Chrome/99.0.4844.51 Mobile Safari/537.36"
::1 - - [14/Mar/2022:16:48:44 +0000] "GET /api/v1/commercials HTTP/1.1" 304 - "http://localhost:3000/" "Mozilla/5.0 (Linux; Android 6.0; Nexus 5 Build/MRA58N) AppleWebKit/537.36 (KHTML, like Gecko) Chrome/99.0.4844.51 Mobile Safari/537.36"
::1 - - [14/Mar/2022:16:49:07 +0000] "GET /api/v1/commercials HTTP/1.1" 304 - "http://localhost:3000/" "Mozilla/5.0 (Linux; Android 6.0; Nexus 5 Build/MRA58N) AppleWebKit/537.36 (KHTML, like Gecko) Chrome/99.0.4844.51 Mobile Safari/537.36"
::1 - - [14/Mar/2022:16:49:13 +0000] "GET /api/v1/commercials HTTP/1.1" 304 - "http://localhost:3000/" "Mozilla/5.0 (Linux; Android 6.0; Nexus 5 Build/MRA58N) AppleWebKit/537.36 (KHTML, like Gecko) Chrome/99.0.4844.51 Mobile Safari/537.36"
::1 - - [14/Mar/2022:16:49:22 +0000] "GET /api/v1/commercials HTTP/1.1" 304 - "http://localhost:3000/" "Mozilla/5.0 (Linux; Android 6.0; Nexus 5 Build/MRA58N) AppleWebKit/537.36 (KHTML, like Gecko) Chrome/99.0.4844.51 Mobile Safari/537.36"
::1 - - [14/Mar/2022:16:49:26 +0000] "GET /api/v1/commercials HTTP/1.1" 304 - "http://localhost:3000/" "Mozilla/5.0 (Linux; Android 6.0; Nexus 5 Build/MRA58N) AppleWebKit/537.36 (KHTML, like Gecko) Chrome/99.0.4844.51 Mobile Safari/537.36"
::1 - - [14/Mar/2022:16:49:45 +0000] "GET /api/v1/commercials HTTP/1.1" 304 - "http://localhost:3000/" "Mozilla/5.0 (Linux; Android 6.0; Nexus 5 Build/MRA58N) AppleWebKit/537.36 (KHTML, like Gecko) Chrome/99.0.4844.51 Mobile Safari/537.36"
::1 - - [14/Mar/2022:16:50:04 +0000] "GET /api/v1/commercials HTTP/1.1" 304 - "http://localhost:3000/" "Mozilla/5.0 (Linux; Android 6.0; Nexus 5 Build/MRA58N) AppleWebKit/537.36 (KHTML, like Gecko) Chrome/99.0.4844.51 Mobile Safari/537.36"
::1 - - [14/Mar/2022:16:50:52 +0000] "GET /api/v1/commercials HTTP/1.1" 304 - "http://localhost:3000/" "Mozilla/5.0 (Linux; Android 6.0; Nexus 5 Build/MRA58N) AppleWebKit/537.36 (KHTML, like Gecko) Chrome/99.0.4844.51 Mobile Safari/537.36"
::1 - - [14/Mar/2022:16:51:18 +0000] "GET /api/v1/commercials HTTP/1.1" 304 - "http://localhost:3000/" "Mozilla/5.0 (Linux; Android 6.0; Nexus 5 Build/MRA58N) AppleWebKit/537.36 (KHTML, like Gecko) Chrome/99.0.4844.51 Mobile Safari/537.36"
::1 - - [14/Mar/2022:16:51:40 +0000] "GET /api/v1/commercials HTTP/1.1" 304 - "http://localhost:3000/" "Mozilla/5.0 (Linux; Android 6.0; Nexus 5 Build/MRA58N) AppleWebKit/537.36 (KHTML, like Gecko) Chrome/99.0.4844.51 Mobile Safari/537.36"
::1 - - [14/Mar/2022:16:54:29 +0000] "GET /api/v1/commercials HTTP/1.1" 304 - "http://localhost:3000/" "Mozilla/5.0 (Linux; Android 8.0.0; SM-G955U Build/R16NW) AppleWebKit/537.36 (KHTML, like Gecko) Chrome/87.0.4280.141 Mobile Safari/537.36"
::1 - - [14/Mar/2022:16:54:43 +0000] "GET /api/v1/commercials HTTP/1.1" 304 - "http://localhost:3000/" "Mozilla/5.0 (Linux; Android 8.0.0; SM-G955U Build/R16NW) AppleWebKit/537.36 (KHTML, like Gecko) Chrome/87.0.4280.141 Mobile Safari/537.36"
::1 - - [14/Mar/2022:16:54:52 +0000] "GET /api/v1/commercials HTTP/1.1" 304 - "http://localhost:3000/" "Mozilla/5.0 (Linux; Android 8.0.0; SM-G955U Build/R16NW) AppleWebKit/537.36 (KHTML, like Gecko) Chrome/87.0.4280.141 Mobile Safari/537.36"
::1 - - [14/Mar/2022:16:55:14 +0000] "GET /api/v1/commercials HTTP/1.1" 304 - "http://localhost:3000/" "Mozilla/5.0 (Linux; Android 8.0.0; SM-G955U Build/R16NW) AppleWebKit/537.36 (KHTML, like Gecko) Chrome/87.0.4280.141 Mobile Safari/537.36"
::1 - - [14/Mar/2022:16:55:38 +0000] "GET /api/v1/commercials HTTP/1.1" 304 - "http://localhost:3000/" "Mozilla/5.0 (Linux; Android 8.0.0; SM-G955U Build/R16NW) AppleWebKit/537.36 (KHTML, like Gecko) Chrome/87.0.4280.141 Mobile Safari/537.36"
::1 - - [14/Mar/2022:16:56:23 +0000] "GET /api/v1/commercials HTTP/1.1" 304 - "http://localhost:3000/" "Mozilla/5.0 (Linux; Android 6.0; Nexus 5 Build/MRA58N) AppleWebKit/537.36 (KHTML, like Gecko) Chrome/99.0.4844.51 Mobile Safari/537.36"
::1 - - [14/Mar/2022:16:57:44 +0000] "GET /api/v1/commercials HTTP/1.1" 304 - "http://localhost:3000/" "Mozilla/5.0 (Linux; Android 6.0; Nexus 5 Build/MRA58N) AppleWebKit/537.36 (KHTML, like Gecko) Chrome/99.0.4844.51 Mobile Safari/537.36"
::1 - - [14/Mar/2022:16:58:18 +0000] "GET /api/v1/commercials HTTP/1.1" 304 - "http://localhost:3000/" "Mozilla/5.0 (Linux; Android 6.0; Nexus 5 Build/MRA58N) AppleWebKit/537.36 (KHTML, like Gecko) Chrome/99.0.4844.51 Mobile Safari/537.36"
::1 - - [14/Mar/2022:16:58:49 +0000] "GET /api/v1/commercials HTTP/1.1" 304 - "http://localhost:3000/" "Mozilla/5.0 (Linux; Android 6.0; Nexus 5 Build/MRA58N) AppleWebKit/537.36 (KHTML, like Gecko) Chrome/99.0.4844.51 Mobile Safari/537.36"
::1 - - [14/Mar/2022:16:59:15 +0000] "GET /api/v1/commercials HTTP/1.1" 304 - "http://localhost:3000/" "Mozilla/5.0 (Linux; Android 6.0; Nexus 5 Build/MRA58N) AppleWebKit/537.36 (KHTML, like Gecko) Chrome/99.0.4844.51 Mobile Safari/537.36"
::1 - - [14/Mar/2022:16:59:32 +0000] "GET /api/v1/commercials HTTP/1.1" 304 - "http://localhost:3000/" "Mozilla/5.0 (Linux; Android 6.0; Nexus 5 Build/MRA58N) AppleWebKit/537.36 (KHTML, like Gecko) Chrome/99.0.4844.51 Mobile Safari/537.36"
::1 - - [14/Mar/2022:16:59:47 +0000] "GET /api/v1/commercials HTTP/1.1" 304 - "http://localhost:3000/" "Mozilla/5.0 (Linux; Android 6.0; Nexus 5 Build/MRA58N) AppleWebKit/537.36 (KHTML, like Gecko) Chrome/99.0.4844.51 Mobile Safari/537.36"
::1 - - [14/Mar/2022:16:59:56 +0000] "GET /api/v1/commercials HTTP/1.1" 304 - "http://localhost:3000/" "Mozilla/5.0 (Linux; Android 6.0; Nexus 5 Build/MRA58N) AppleWebKit/537.36 (KHTML, like Gecko) Chrome/99.0.4844.51 Mobile Safari/537.36"
::1 - - [14/Mar/2022:17:00:42 +0000] "GET /api/v1/commercials HTTP/1.1" 304 - "http://localhost:3000/" "Mozilla/5.0 (Linux; Android 6.0; Nexus 5 Build/MRA58N) AppleWebKit/537.36 (KHTML, like Gecko) Chrome/99.0.4844.51 Mobile Safari/537.36"
::1 - - [14/Mar/2022:17:01:05 +0000] "GET /api/v1/commercials HTTP/1.1" 304 - "http://localhost:3000/" "Mozilla/5.0 (Linux; Android 6.0; Nexus 5 Build/MRA58N) AppleWebKit/537.36 (KHTML, like Gecko) Chrome/99.0.4844.51 Mobile Safari/537.36"
::1 - - [14/Mar/2022:17:01:14 +0000] "GET /api/v1/commercials HTTP/1.1" 304 - "http://localhost:3000/" "Mozilla/5.0 (Linux; Android 6.0; Nexus 5 Build/MRA58N) AppleWebKit/537.36 (KHTML, like Gecko) Chrome/99.0.4844.51 Mobile Safari/537.36"
::1 - - [14/Mar/2022:17:01:37 +0000] "GET /api/v1/commercials HTTP/1.1" 304 - "http://localhost:3000/" "Mozilla/5.0 (Linux; Android 6.0; Nexus 5 Build/MRA58N) AppleWebKit/537.36 (KHTML, like Gecko) Chrome/99.0.4844.51 Mobile Safari/537.36"
::1 - - [14/Mar/2022:17:01:41 +0000] "GET /api/v1/commercials HTTP/1.1" 304 - "http://localhost:3000/" "Mozilla/5.0 (Linux; Android 6.0; Nexus 5 Build/MRA58N) AppleWebKit/537.36 (KHTML, like Gecko) Chrome/99.0.4844.51 Mobile Safari/537.36"
::1 - - [14/Mar/2022:17:02:07 +0000] "GET /api/v1/commercials HTTP/1.1" 304 - "http://localhost:3000/" "Mozilla/5.0 (Linux; Android 6.0; Nexus 5 Build/MRA58N) AppleWebKit/537.36 (KHTML, like Gecko) Chrome/99.0.4844.51 Mobile Safari/537.36"
::1 - - [14/Mar/2022:17:02:39 +0000] "GET /api/v1/commercials HTTP/1.1" 304 - "http://localhost:3000/" "Mozilla/5.0 (Linux; Android 6.0; Nexus 5 Build/MRA58N) AppleWebKit/537.36 (KHTML, like Gecko) Chrome/99.0.4844.51 Mobile Safari/537.36"
::1 - - [14/Mar/2022:17:02:55 +0000] "GET /api/v1/commercials HTTP/1.1" 304 - "http://localhost:3000/" "Mozilla/5.0 (Linux; Android 6.0; Nexus 5 Build/MRA58N) AppleWebKit/537.36 (KHTML, like Gecko) Chrome/99.0.4844.51 Mobile Safari/537.36"
::1 - - [14/Mar/2022:17:03:15 +0000] "GET /api/v1/commercials HTTP/1.1" 304 - "http://localhost:3000/" "Mozilla/5.0 (Linux; Android 6.0; Nexus 5 Build/MRA58N) AppleWebKit/537.36 (KHTML, like Gecko) Chrome/99.0.4844.51 Mobile Safari/537.36"
::1 - - [14/Mar/2022:17:03:30 +0000] "GET /api/v1/commercials HTTP/1.1" 304 - "http://localhost:3000/" "Mozilla/5.0 (Linux; Android 6.0; Nexus 5 Build/MRA58N) AppleWebKit/537.36 (KHTML, like Gecko) Chrome/99.0.4844.51 Mobile Safari/537.36"
::1 - - [14/Mar/2022:17:04:00 +0000] "GET /api/v1/commercials HTTP/1.1" 304 - "http://localhost:3000/" "Mozilla/5.0 (Linux; Android 6.0; Nexus 5 Build/MRA58N) AppleWebKit/537.36 (KHTML, like Gecko) Chrome/99.0.4844.51 Mobile Safari/537.36"
::1 - - [14/Mar/2022:17:04:33 +0000] "GET /api/v1/commercials HTTP/1.1" 304 - "http://localhost:3000/" "Mozilla/5.0 (Linux; Android 6.0; Nexus 5 Build/MRA58N) AppleWebKit/537.36 (KHTML, like Gecko) Chrome/99.0.4844.51 Mobile Safari/537.36"
::1 - - [14/Mar/2022:17:05:28 +0000] "GET /api/v1/commercials HTTP/1.1" 304 - "http://localhost:3000/" "Mozilla/5.0 (Linux; Android 6.0; Nexus 5 Build/MRA58N) AppleWebKit/537.36 (KHTML, like Gecko) Chrome/99.0.4844.51 Mobile Safari/537.36"
::1 - - [14/Mar/2022:17:06:59 +0000] "GET /api/v1/commercials HTTP/1.1" 304 - "http://localhost:3000/" "Mozilla/5.0 (Linux; Android 6.0; Nexus 5 Build/MRA58N) AppleWebKit/537.36 (KHTML, like Gecko) Chrome/99.0.4844.51 Mobile Safari/537.36"
::1 - - [14/Mar/2022:17:07:49 +0000] "GET /api/v1/commercials HTTP/1.1" 304 - "http://localhost:3000/" "Mozilla/5.0 (Linux; Android 6.0; Nexus 5 Build/MRA58N) AppleWebKit/537.36 (KHTML, like Gecko) Chrome/99.0.4844.51 Mobile Safari/537.36"
::1 - - [14/Mar/2022:17:07:57 +0000] "GET /api/v1/commercials HTTP/1.1" 304 - "http://localhost:3000/" "Mozilla/5.0 (Linux; Android 6.0; Nexus 5 Build/MRA58N) AppleWebKit/537.36 (KHTML, like Gecko) Chrome/99.0.4844.51 Mobile Safari/537.36"
::1 - - [14/Mar/2022:17:08:01 +0000] "GET /api/v1/commercials HTTP/1.1" 304 - "http://localhost:3000/" "Mozilla/5.0 (Linux; Android 6.0; Nexus 5 Build/MRA58N) AppleWebKit/537.36 (KHTML, like Gecko) Chrome/99.0.4844.51 Mobile Safari/537.36"
::1 - - [14/Mar/2022:17:08:09 +0000] "GET /api/v1/commercials HTTP/1.1" 304 - "http://localhost:3000/" "Mozilla/5.0 (Linux; Android 6.0; Nexus 5 Build/MRA58N) AppleWebKit/537.36 (KHTML, like Gecko) Chrome/99.0.4844.51 Mobile Safari/537.36"
::1 - - [14/Mar/2022:17:08:24 +0000] "GET /api/v1/commercials HTTP/1.1" 304 - "http://localhost:3000/" "Mozilla/5.0 (Linux; Android 6.0; Nexus 5 Build/MRA58N) AppleWebKit/537.36 (KHTML, like Gecko) Chrome/99.0.4844.51 Mobile Safari/537.36"
::1 - - [14/Mar/2022:17:08:37 +0000] "GET /api/v1/commercials HTTP/1.1" 304 - "http://localhost:3000/" "Mozilla/5.0 (Linux; Android 6.0; Nexus 5 Build/MRA58N) AppleWebKit/537.36 (KHTML, like Gecko) Chrome/99.0.4844.51 Mobile Safari/537.36"
::1 - - [14/Mar/2022:17:09:03 +0000] "GET /api/v1/commercials HTTP/1.1" 304 - "http://localhost:3000/" "Mozilla/5.0 (Linux; Android 6.0; Nexus 5 Build/MRA58N) AppleWebKit/537.36 (KHTML, like Gecko) Chrome/99.0.4844.51 Mobile Safari/537.36"
::1 - - [14/Mar/2022:17:09:09 +0000] "GET /api/v1/commercials HTTP/1.1" 304 - "http://localhost:3000/" "Mozilla/5.0 (Linux; Android 6.0; Nexus 5 Build/MRA58N) AppleWebKit/537.36 (KHTML, like Gecko) Chrome/99.0.4844.51 Mobile Safari/537.36"
::1 - - [14/Mar/2022:17:09:25 +0000] "GET /api/v1/commercials HTTP/1.1" 304 - "http://localhost:3000/" "Mozilla/5.0 (Linux; Android 6.0; Nexus 5 Build/MRA58N) AppleWebKit/537.36 (KHTML, like Gecko) Chrome/99.0.4844.51 Mobile Safari/537.36"
::1 - - [14/Mar/2022:17:09:28 +0000] "GET /api/v1/commercials HTTP/1.1" 304 - "http://localhost:3000/" "Mozilla/5.0 (Linux; Android 6.0; Nexus 5 Build/MRA58N) AppleWebKit/537.36 (KHTML, like Gecko) Chrome/99.0.4844.51 Mobile Safari/537.36"
::1 - - [14/Mar/2022:17:09:58 +0000] "GET /api/v1/commercials HTTP/1.1" 304 - "http://localhost:3000/" "Mozilla/5.0 (Linux; Android 6.0; Nexus 5 Build/MRA58N) AppleWebKit/537.36 (KHTML, like Gecko) Chrome/99.0.4844.51 Mobile Safari/537.36"
::1 - - [14/Mar/2022:17:10:20 +0000] "GET /api/v1/commercials HTTP/1.1" 304 - "http://localhost:3000/" "Mozilla/5.0 (Linux; Android 6.0; Nexus 5 Build/MRA58N) AppleWebKit/537.36 (KHTML, like Gecko) Chrome/99.0.4844.51 Mobile Safari/537.36"
::1 - - [14/Mar/2022:17:10:26 +0000] "GET /api/v1/commercials HTTP/1.1" 304 - "http://localhost:3000/" "Mozilla/5.0 (Linux; Android 6.0; Nexus 5 Build/MRA58N) AppleWebKit/537.36 (KHTML, like Gecko) Chrome/99.0.4844.51 Mobile Safari/537.36"
::1 - - [14/Mar/2022:17:11:03 +0000] "GET /api/v1/commercials HTTP/1.1" 304 - "http://localhost:3000/" "Mozilla/5.0 (Linux; Android 6.0; Nexus 5 Build/MRA58N) AppleWebKit/537.36 (KHTML, like Gecko) Chrome/99.0.4844.51 Mobile Safari/537.36"
::1 - - [14/Mar/2022:17:11:46 +0000] "GET /api/v1/commercials HTTP/1.1" 304 - "http://localhost:3000/" "Mozilla/5.0 (Linux; Android 6.0; Nexus 5 Build/MRA58N) AppleWebKit/537.36 (KHTML, like Gecko) Chrome/99.0.4844.51 Mobile Safari/537.36"
::1 - - [14/Mar/2022:17:12:00 +0000] "GET /api/v1/commercials HTTP/1.1" 304 - "http://localhost:3000/" "Mozilla/5.0 (Linux; Android 6.0; Nexus 5 Build/MRA58N) AppleWebKit/537.36 (KHTML, like Gecko) Chrome/99.0.4844.51 Mobile Safari/537.36"
::1 - - [14/Mar/2022:17:12:15 +0000] "GET /api/v1/commercials HTTP/1.1" 304 - "http://localhost:3000/" "Mozilla/5.0 (Linux; Android 6.0; Nexus 5 Build/MRA58N) AppleWebKit/537.36 (KHTML, like Gecko) Chrome/99.0.4844.51 Mobile Safari/537.36"
::1 - - [14/Mar/2022:17:12:26 +0000] "GET /api/v1/commercials HTTP/1.1" 304 - "http://localhost:3000/" "Mozilla/5.0 (Linux; Android 6.0; Nexus 5 Build/MRA58N) AppleWebKit/537.36 (KHTML, like Gecko) Chrome/99.0.4844.51 Mobile Safari/537.36"
::1 - - [14/Mar/2022:17:12:39 +0000] "GET /api/v1/commercials HTTP/1.1" 304 - "http://localhost:3000/" "Mozilla/5.0 (Linux; Android 6.0; Nexus 5 Build/MRA58N) AppleWebKit/537.36 (KHTML, like Gecko) Chrome/99.0.4844.51 Mobile Safari/537.36"
::1 - - [14/Mar/2022:17:12:49 +0000] "GET /api/v1/commercials HTTP/1.1" 304 - "http://localhost:3000/" "Mozilla/5.0 (Linux; Android 6.0; Nexus 5 Build/MRA58N) AppleWebKit/537.36 (KHTML, like Gecko) Chrome/99.0.4844.51 Mobile Safari/537.36"
::1 - - [14/Mar/2022:17:12:58 +0000] "GET /api/v1/commercials HTTP/1.1" 304 - "http://localhost:3000/" "Mozilla/5.0 (Linux; Android 6.0; Nexus 5 Build/MRA58N) AppleWebKit/537.36 (KHTML, like Gecko) Chrome/99.0.4844.51 Mobile Safari/537.36"
::1 - - [14/Mar/2022:17:13:04 +0000] "GET /api/v1/commercials HTTP/1.1" 304 - "http://localhost:3000/" "Mozilla/5.0 (Linux; Android 6.0; Nexus 5 Build/MRA58N) AppleWebKit/537.36 (KHTML, like Gecko) Chrome/99.0.4844.51 Mobile Safari/537.36"
::1 - - [14/Mar/2022:17:13:59 +0000] "GET /api/v1/commercials HTTP/1.1" 304 - "http://localhost:3000/" "Mozilla/5.0 (Linux; Android 6.0; Nexus 5 Build/MRA58N) AppleWebKit/537.36 (KHTML, like Gecko) Chrome/99.0.4844.51 Mobile Safari/537.36"
::1 - - [14/Mar/2022:17:14:43 +0000] "GET /api/v1/commercials HTTP/1.1" 304 - "http://localhost:3000/" "Mozilla/5.0 (Linux; Android 6.0; Nexus 5 Build/MRA58N) AppleWebKit/537.36 (KHTML, like Gecko) Chrome/99.0.4844.51 Mobile Safari/537.36"
::1 - - [14/Mar/2022:17:14:50 +0000] "GET /api/v1/commercials HTTP/1.1" 304 - "http://localhost:3000/" "Mozilla/5.0 (Linux; Android 6.0; Nexus 5 Build/MRA58N) AppleWebKit/537.36 (KHTML, like Gecko) Chrome/99.0.4844.51 Mobile Safari/537.36"
::1 - - [14/Mar/2022:17:15:49 +0000] "GET /api/v1/commercials HTTP/1.1" 304 - "http://localhost:3000/" "Mozilla/5.0 (Linux; Android 6.0; Nexus 5 Build/MRA58N) AppleWebKit/537.36 (KHTML, like Gecko) Chrome/99.0.4844.51 Mobile Safari/537.36"
::1 - - [14/Mar/2022:17:16:54 +0000] "GET /api/v1/commercials HTTP/1.1" 304 - "http://localhost:3000/" "Mozilla/5.0 (Linux; Android 6.0; Nexus 5 Build/MRA58N) AppleWebKit/537.36 (KHTML, like Gecko) Chrome/99.0.4844.51 Mobile Safari/537.36"
::1 - - [14/Mar/2022:17:17:15 +0000] "GET /api/v1/commercials HTTP/1.1" 304 - "http://localhost:3000/" "Mozilla/5.0 (Linux; Android 6.0; Nexus 5 Build/MRA58N) AppleWebKit/537.36 (KHTML, like Gecko) Chrome/99.0.4844.51 Mobile Safari/537.36"
::1 - - [14/Mar/2022:17:17:38 +0000] "GET /api/v1/commercials HTTP/1.1" 304 - "http://localhost:3000/" "Mozilla/5.0 (Linux; Android 6.0; Nexus 5 Build/MRA58N) AppleWebKit/537.36 (KHTML, like Gecko) Chrome/99.0.4844.51 Mobile Safari/537.36"
::1 - - [14/Mar/2022:17:17:48 +0000] "GET /api/v1/commercials HTTP/1.1" 304 - "http://localhost:3000/" "Mozilla/5.0 (Linux; Android 6.0; Nexus 5 Build/MRA58N) AppleWebKit/537.36 (KHTML, like Gecko) Chrome/99.0.4844.51 Mobile Safari/537.36"
::1 - - [14/Mar/2022:17:17:59 +0000] "GET /api/v1/commercials HTTP/1.1" 304 - "http://localhost:3000/" "Mozilla/5.0 (Linux; Android 6.0; Nexus 5 Build/MRA58N) AppleWebKit/537.36 (KHTML, like Gecko) Chrome/99.0.4844.51 Mobile Safari/537.36"
::1 - - [14/Mar/2022:17:18:05 +0000] "GET /api/v1/commercials HTTP/1.1" 304 - "http://localhost:3000/" "Mozilla/5.0 (Linux; Android 6.0; Nexus 5 Build/MRA58N) AppleWebKit/537.36 (KHTML, like Gecko) Chrome/99.0.4844.51 Mobile Safari/537.36"
::1 - - [14/Mar/2022:17:18:15 +0000] "GET /api/v1/commercials HTTP/1.1" 304 - "http://localhost:3000/" "Mozilla/5.0 (Linux; Android 6.0; Nexus 5 Build/MRA58N) AppleWebKit/537.36 (KHTML, like Gecko) Chrome/99.0.4844.51 Mobile Safari/537.36"
::1 - - [14/Mar/2022:17:18:28 +0000] "GET /api/v1/commercials HTTP/1.1" 304 - "http://localhost:3000/" "Mozilla/5.0 (Linux; Android 6.0; Nexus 5 Build/MRA58N) AppleWebKit/537.36 (KHTML, like Gecko) Chrome/99.0.4844.51 Mobile Safari/537.36"
::1 - - [14/Mar/2022:17:18:39 +0000] "GET /api/v1/commercials HTTP/1.1" 304 - "http://localhost:3000/" "Mozilla/5.0 (Linux; Android 6.0; Nexus 5 Build/MRA58N) AppleWebKit/537.36 (KHTML, like Gecko) Chrome/99.0.4844.51 Mobile Safari/537.36"
::1 - - [14/Mar/2022:17:18:46 +0000] "GET /api/v1/commercials HTTP/1.1" 304 - "http://localhost:3000/" "Mozilla/5.0 (Linux; Android 6.0; Nexus 5 Build/MRA58N) AppleWebKit/537.36 (KHTML, like Gecko) Chrome/99.0.4844.51 Mobile Safari/537.36"
::1 - - [14/Mar/2022:17:19:15 +0000] "GET /api/v1/commercials HTTP/1.1" 304 - "http://localhost:3000/" "Mozilla/5.0 (Linux; Android 6.0; Nexus 5 Build/MRA58N) AppleWebKit/537.36 (KHTML, like Gecko) Chrome/99.0.4844.51 Mobile Safari/537.36"
::1 - - [14/Mar/2022:17:19:22 +0000] "GET /api/v1/commercials HTTP/1.1" 304 - "http://localhost:3000/" "Mozilla/5.0 (Linux; Android 6.0; Nexus 5 Build/MRA58N) AppleWebKit/537.36 (KHTML, like Gecko) Chrome/99.0.4844.51 Mobile Safari/537.36"
::1 - - [14/Mar/2022:17:19:33 +0000] "GET /api/v1/commercials HTTP/1.1" 304 - "http://localhost:3000/" "Mozilla/5.0 (Linux; Android 6.0; Nexus 5 Build/MRA58N) AppleWebKit/537.36 (KHTML, like Gecko) Chrome/99.0.4844.51 Mobile Safari/537.36"
::1 - - [14/Mar/2022:17:19:56 +0000] "GET /api/v1/commercials HTTP/1.1" 304 - "http://localhost:3000/" "Mozilla/5.0 (Linux; Android 6.0; Nexus 5 Build/MRA58N) AppleWebKit/537.36 (KHTML, like Gecko) Chrome/99.0.4844.51 Mobile Safari/537.36"
::1 - - [14/Mar/2022:17:20:06 +0000] "GET /api/v1/commercials HTTP/1.1" 304 - "http://localhost:3000/" "Mozilla/5.0 (Linux; Android 6.0; Nexus 5 Build/MRA58N) AppleWebKit/537.36 (KHTML, like Gecko) Chrome/99.0.4844.51 Mobile Safari/537.36"
::1 - - [14/Mar/2022:17:20:12 +0000] "GET /api/v1/commercials HTTP/1.1" 304 - "http://localhost:3000/" "Mozilla/5.0 (Linux; Android 6.0; Nexus 5 Build/MRA58N) AppleWebKit/537.36 (KHTML, like Gecko) Chrome/99.0.4844.51 Mobile Safari/537.36"
::1 - - [14/Mar/2022:17:20:17 +0000] "GET /api/v1/commercials HTTP/1.1" 304 - "http://localhost:3000/" "Mozilla/5.0 (Linux; Android 6.0; Nexus 5 Build/MRA58N) AppleWebKit/537.36 (KHTML, like Gecko) Chrome/99.0.4844.51 Mobile Safari/537.36"
::1 - - [14/Mar/2022:17:20:20 +0000] "GET /api/v1/commercials HTTP/1.1" 304 - "http://localhost:3000/" "Mozilla/5.0 (Linux; Android 6.0; Nexus 5 Build/MRA58N) AppleWebKit/537.36 (KHTML, like Gecko) Chrome/99.0.4844.51 Mobile Safari/537.36"
::1 - - [14/Mar/2022:17:20:32 +0000] "GET /api/v1/commercials HTTP/1.1" 304 - "http://localhost:3000/" "Mozilla/5.0 (Linux; Android 6.0; Nexus 5 Build/MRA58N) AppleWebKit/537.36 (KHTML, like Gecko) Chrome/99.0.4844.51 Mobile Safari/537.36"
::1 - - [14/Mar/2022:17:20:43 +0000] "GET /api/v1/commercials HTTP/1.1" 304 - "http://localhost:3000/" "Mozilla/5.0 (Linux; Android 6.0; Nexus 5 Build/MRA58N) AppleWebKit/537.36 (KHTML, like Gecko) Chrome/99.0.4844.51 Mobile Safari/537.36"
::1 - - [14/Mar/2022:17:20:59 +0000] "GET /api/v1/commercials HTTP/1.1" 304 - "http://localhost:3000/" "Mozilla/5.0 (Linux; Android 6.0; Nexus 5 Build/MRA58N) AppleWebKit/537.36 (KHTML, like Gecko) Chrome/99.0.4844.51 Mobile Safari/537.36"
::1 - - [14/Mar/2022:17:21:25 +0000] "GET /api/v1/commercials HTTP/1.1" 304 - "http://localhost:3000/" "Mozilla/5.0 (Linux; Android 6.0; Nexus 5 Build/MRA58N) AppleWebKit/537.36 (KHTML, like Gecko) Chrome/99.0.4844.51 Mobile Safari/537.36"
::1 - - [14/Mar/2022:17:38:48 +0000] "GET /api/v1/news HTTP/1.1" 304 - "http://localhost:3000/" "Mozilla/5.0 (Windows NT 10.0; Win64; x64) AppleWebKit/537.36 (KHTML, like Gecko) Chrome/99.0.4844.51 Safari/537.36"
::1 - - [14/Mar/2022:17:39:09 +0000] "GET /api/v1/commercials HTTP/1.1" 304 - "http://localhost:3000/" "Mozilla/5.0 (Windows NT 10.0; Win64; x64) AppleWebKit/537.36 (KHTML, like Gecko) Chrome/99.0.4844.51 Safari/537.36"
>>>>>>> b67a02851e7224c82209adca1eae5c2fc8f10dee
::1 - - [16/Mar/2022:04:56:21 +0000] "GET /api/v1/news HTTP/1.1" - - "http://localhost:3000/" "Mozilla/5.0 (Windows NT 10.0; Win64; x64) AppleWebKit/537.36 (KHTML, like Gecko) Chrome/99.0.4844.51 Safari/537.36"
::1 - - [16/Mar/2022:04:56:22 +0000] "GET /api/v1/news HTTP/1.1" 200 94832 "http://localhost:3000/" "Mozilla/5.0 (Windows NT 10.0; Win64; x64) AppleWebKit/537.36 (KHTML, like Gecko) Chrome/99.0.4844.51 Safari/537.36"
::1 - - [16/Mar/2022:04:56:42 +0000] "GET /api/v1/news HTTP/1.1" 304 - "http://localhost:3000/" "Mozilla/5.0 (Windows NT 10.0; Win64; x64) AppleWebKit/537.36 (KHTML, like Gecko) Chrome/99.0.4844.51 Safari/537.36"
::1 - - [17/Mar/2022:06:29:11 +0000] "GET /api/v1/news HTTP/1.1" 200 94861 "http://localhost:3000/" "Mozilla/5.0 (Windows NT 10.0; Win64; x64) AppleWebKit/537.36 (KHTML, like Gecko) Chrome/99.0.4844.51 Safari/537.36"
::1 - - [17/Mar/2022:06:31:10 +0000] "GET /api/v1/news HTTP/1.1" 304 - "http://localhost:3000/" "Mozilla/5.0 (Windows NT 10.0; Win64; x64) AppleWebKit/537.36 (KHTML, like Gecko) Chrome/99.0.4844.51 Safari/537.36"
::1 - - [17/Mar/2022:06:33:24 +0000] "GET /api/v1/news HTTP/1.1" 304 - "http://localhost:3000/" "Mozilla/5.0 (Windows NT 10.0; Win64; x64) AppleWebKit/537.36 (KHTML, like Gecko) Chrome/99.0.4844.51 Safari/537.36"
::1 - - [17/Mar/2022:06:55:33 +0000] "GET /api/v1/news HTTP/1.1" 200 94877 "http://localhost:3000/" "Mozilla/5.0 (Windows NT 10.0; Win64; x64) AppleWebKit/537.36 (KHTML, like Gecko) Chrome/99.0.4844.51 Safari/537.36"
::1 - - [17/Mar/2022:07:00:31 +0000] "GET /api/v1/news HTTP/1.1" 304 - "http://localhost:3000/" "Mozilla/5.0 (Windows NT 10.0; Win64; x64) AppleWebKit/537.36 (KHTML, like Gecko) Chrome/99.0.4844.51 Safari/537.36"
::1 - - [17/Mar/2022:07:25:15 +0000] "GET /api/v1/news HTTP/1.1" 304 - "http://localhost:3000/" "Mozilla/5.0 (Windows NT 10.0; Win64; x64) AppleWebKit/537.36 (KHTML, like Gecko) Chrome/99.0.4844.51 Safari/537.36"
::1 - - [17/Mar/2022:08:06:10 +0000] "GET /api/v1/news HTTP/1.1" 304 - "http://localhost:3000/" "Mozilla/5.0 (Windows NT 10.0; Win64; x64) AppleWebKit/537.36 (KHTML, like Gecko) Chrome/99.0.4844.51 Safari/537.36"
::1 - - [17/Mar/2022:08:38:04 +0000] "GET /api/v1/news HTTP/1.1" 304 - "http://localhost:3000/" "Mozilla/5.0 (Windows NT 10.0; Win64; x64) AppleWebKit/537.36 (KHTML, like Gecko) Chrome/99.0.4844.51 Safari/537.36"
::1 - - [17/Mar/2022:08:52:05 +0000] "GET /api/v1/news HTTP/1.1" 304 - "http://localhost:3000/" "Mozilla/5.0 (Windows NT 10.0; Win64; x64) AppleWebKit/537.36 (KHTML, like Gecko) Chrome/99.0.4844.51 Safari/537.36"
::1 - - [17/Mar/2022:08:52:53 +0000] "GET /api/v1/news HTTP/1.1" 304 - "http://localhost:3000/" "Mozilla/5.0 (Windows NT 10.0; Win64; x64) AppleWebKit/537.36 (KHTML, like Gecko) Chrome/99.0.4844.51 Safari/537.36"
::1 - - [17/Mar/2022:08:59:13 +0000] "GET /api/v1/news HTTP/1.1" 304 - "http://localhost:3000/" "Mozilla/5.0 (Windows NT 10.0; Win64; x64) AppleWebKit/537.36 (KHTML, like Gecko) Chrome/99.0.4844.51 Safari/537.36"
::1 - - [17/Mar/2022:09:06:22 +0000] "GET /api/v1/news HTTP/1.1" 304 - "http://localhost:3000/" "Mozilla/5.0 (Windows NT 10.0; Win64; x64) AppleWebKit/537.36 (KHTML, like Gecko) Chrome/99.0.4844.51 Safari/537.36"
::1 - - [17/Mar/2022:11:22:16 +0000] "GET /api/v1/news HTTP/1.1" 304 - "http://localhost:3000/" "Mozilla/5.0 (Windows NT 10.0; Win64; x64) AppleWebKit/537.36 (KHTML, like Gecko) Chrome/99.0.4844.51 Safari/537.36"
::1 - - [20/Mar/2022:06:14:02 +0000] "GET /api/v1/news HTTP/1.1" 304 - "http://localhost:3000/" "Mozilla/5.0 (Windows NT 10.0; Win64; x64) AppleWebKit/537.36 (KHTML, like Gecko) Chrome/99.0.4844.74 Safari/537.36"
::1 - - [20/Mar/2022:06:38:04 +0000] "GET /api/v1/news HTTP/1.1" 304 - "http://localhost:3000/" "Mozilla/5.0 (Windows NT 10.0; Win64; x64) AppleWebKit/537.36 (KHTML, like Gecko) Chrome/99.0.4844.74 Safari/537.36"
::1 - - [20/Mar/2022:06:38:32 +0000] "GET /api/v1/news HTTP/1.1" 304 - "http://localhost:3000/" "Mozilla/5.0 (Windows NT 10.0; Win64; x64) AppleWebKit/537.36 (KHTML, like Gecko) Chrome/99.0.4844.74 Safari/537.36"
